[debug] [2025-03-11T11:24:05.814Z] ----------------------------------------------------------------------
[debug] [2025-03-11T11:24:05.816Z] Command:       /nix/store/ixbb20farqh1f4fqbmsn6b1ixn8mc8ij-nodejs-20.18.1/bin/node /nix/store/v1w21fn24i4jclvq1kry1ai6ra7aqrb4-firebase-tools-13.32.0/lib/node_modules/firebase-tools/lib/bin/firebase.js login --no-localhost
[debug] [2025-03-11T11:24:05.817Z] CLI Version:   13.32.0
[debug] [2025-03-11T11:24:05.817Z] Platform:      linux
[debug] [2025-03-11T11:24:05.817Z] Node Version:  v20.18.1
[debug] [2025-03-11T11:24:05.818Z] Time:          Tue Mar 11 2025 11:24:05 GMT+0000 (Coordinated Universal Time)
[debug] [2025-03-11T11:24:05.818Z] ----------------------------------------------------------------------
[debug] 
[debug] [2025-03-11T11:24:05.822Z] >>> [apiv2][query] GET https://firebase-public.firebaseio.com/cli.json [none]
[info] i  Firebase optionally collects CLI and Emulator Suite usage and error reporting information to help improve our products. Data is collected in accordance with Google's privacy policy (https://policies.google.com/privacy) and is not used to identify you.
 
[debug] [2025-03-11T11:24:06.283Z] <<< [apiv2][status] GET https://firebase-public.firebaseio.com/cli.json 200
[debug] [2025-03-11T11:24:06.284Z] <<< [apiv2][body] GET https://firebase-public.firebaseio.com/cli.json {"cloudBuildErrorAfter":1594252800000,"cloudBuildWarnAfter":1590019200000,"defaultNode10After":1594252800000,"minVersion":"3.0.5","node8DeploysDisabledAfter":1613390400000,"node8RuntimeDisabledAfter":1615809600000,"node8WarnAfter":1600128000000}
[debug] [2025-03-11T11:24:17.518Z] >>> [apiv2][query] POST https://auth.firebase.tools/attest [none]
[debug] [2025-03-11T11:24:17.519Z] >>> [apiv2][body] POST https://auth.firebase.tools/attest {"session_id":"f4d2667e-e8c3-430a-b3d6-e12c301afccf"}
[debug] [2025-03-11T11:24:17.991Z] <<< [apiv2][status] POST https://auth.firebase.tools/attest 200
[debug] [2025-03-11T11:24:17.991Z] <<< [apiv2][body] POST https://auth.firebase.tools/attest {"token":"QMLdEzwA6l8cjEwNaoYONgwXqEGWWQeSLPmvc6q_n8w"}
[info] 
[info] To sign in to the Firebase CLI:
[info] 
[info] 1. Take note of your session ID:
[info] 
[info]    F4D26
[info] 
[info] 2. Visit the URL below on any device and follow the instructions to get your code:
[info] 
[info]    https://auth.firebase.tools/login?code_challenge=-Im_j22CShqjVafjj0CJsokUHDjPzLRCMh5l1pQG-ac&session=f4d2667e-e8c3-430a-b3d6-e12c301afccf&attest=QMLdEzwA6l8cjEwNaoYONgwXqEGWWQeSLPmvc6q_n8w
[info] 
[info] 3. Paste or enter the authorization code below once you have it:
[info] 
[debug] [2025-03-11T11:53:56.327Z] ----------------------------------------------------------------------
[debug] [2025-03-11T11:53:56.330Z] Command:       /nix/store/ixbb20farqh1f4fqbmsn6b1ixn8mc8ij-nodejs-20.18.1/bin/node /nix/store/v1w21fn24i4jclvq1kry1ai6ra7aqrb4-firebase-tools-13.32.0/lib/node_modules/firebase-tools/lib/bin/firebase.js login --no-localhost
[debug] [2025-03-11T11:53:56.330Z] CLI Version:   13.32.0
[debug] [2025-03-11T11:53:56.331Z] Platform:      linux
[debug] [2025-03-11T11:53:56.331Z] Node Version:  v20.18.1
[debug] [2025-03-11T11:53:56.331Z] Time:          Tue Mar 11 2025 11:53:56 GMT+0000 (Coordinated Universal Time)
[debug] [2025-03-11T11:53:56.331Z] ----------------------------------------------------------------------
[debug] 
[info] i  Firebase optionally collects CLI and Emulator Suite usage and error reporting information to help improve our products. Data is collected in accordance with Google's privacy policy (https://policies.google.com/privacy) and is not used to identify you.
 
